This is pdfTeX, Version 3.14159265-2.6-1.40.21 (TeX Live 2020/Debian) (preloaded format=pdflatex 2022.5.30)  26 SEP 2022 14:35
entering extended mode
 restricted \write18 enabled.
 %&-line parsing enabled.
**bibliotecaDigital.tex
(./bibliotecaDigital.tex
LaTeX2e <2020-10-01> patch level 4
L3 programming layer <2021-01-09> xparse <2020-03-03>
(/usr/share/texlive/texmf-dist/tex/latex/base/report.cls
Document Class: report 2020/04/10 v1.4m Standard LaTeX document class
(/usr/share/texlive/texmf-dist/tex/latex/base/size10.clo
File: size10.clo 2020/04/10 v1.4m Standard LaTeX file (size option)
)
\c@part=\count177
\c@chapter=\count178
\c@section=\count179
\c@subsection=\count180
\c@subsubsection=\count181
\c@paragraph=\count182
\c@subparagraph=\count183
\c@figure=\count184
\c@table=\count185
\abovecaptionskip=\skip47
\belowcaptionskip=\skip48
\bibindent=\dimen138
)
(/usr/share/texlive/texmf-dist/tex/latex/base/inputenc.sty
Package: inputenc 2020/08/01 v1.3d Input encoding file
\inpenc@prehook=\toks15
\inpenc@posthook=\toks16
)
(/usr/share/texlive/texmf-dist/tex/latex/amsmath/amsmath.sty
Package: amsmath 2020/09/23 v2.17i AMS math features
\@mathmargin=\skip49

For additional information on amsmath, use the `?' option.
(/usr/share/texlive/texmf-dist/tex/latex/amsmath/amstext.sty
Package: amstext 2000/06/29 v2.01 AMS text

(/usr/share/texlive/texmf-dist/tex/latex/amsmath/amsgen.sty
File: amsgen.sty 1999/11/30 v2.0 generic functions
\@emptytoks=\toks17
\ex@=\dimen139
))
(/usr/share/texlive/texmf-dist/tex/latex/amsmath/amsbsy.sty
Package: amsbsy 1999/11/29 v1.2d Bold Symbols
\pmbraise@=\dimen140
)
(/usr/share/texlive/texmf-dist/tex/latex/amsmath/amsopn.sty
Package: amsopn 2016/03/08 v2.02 operator names
)
\inf@bad=\count186
LaTeX Info: Redefining \frac on input line 234.
\uproot@=\count187
\leftroot@=\count188
LaTeX Info: Redefining \overline on input line 399.
\classnum@=\count189
\DOTSCASE@=\count190
LaTeX Info: Redefining \ldots on input line 496.
LaTeX Info: Redefining \dots on input line 499.
LaTeX Info: Redefining \cdots on input line 620.
\Mathstrutbox@=\box47
\strutbox@=\box48
\big@size=\dimen141
LaTeX Font Info:    Redeclaring font encoding OML on input line 743.
LaTeX Font Info:    Redeclaring font encoding OMS on input line 744.
\macc@depth=\count191
\c@MaxMatrixCols=\count192
\dotsspace@=\muskip16
\c@parentequation=\count193
\dspbrk@lvl=\count194
\tag@help=\toks18
\row@=\count195
\column@=\count196
\maxfields@=\count197
\andhelp@=\toks19
\eqnshift@=\dimen142
\alignsep@=\dimen143
\tagshift@=\dimen144
\tagwidth@=\dimen145
\totwidth@=\dimen146
\lineht@=\dimen147
\@envbody=\toks20
\multlinegap=\skip50
\multlinetaggap=\skip51
\mathdisplay@stack=\toks21
LaTeX Info: Redefining \[ on input line 2923.
LaTeX Info: Redefining \] on input line 2924.
)
(/usr/share/texlive/texmf-dist/tex/latex/amsfonts/amsfonts.sty
Package: amsfonts 2013/01/14 v3.01 Basic AMSFonts support
\symAMSa=\mathgroup4
\symAMSb=\mathgroup5
LaTeX Font Info:    Redeclaring math symbol \hbar on input line 98.
LaTeX Font Info:    Overwriting math alphabet `\mathfrak' in version `bold'
(Font)                  U/euf/m/n --> U/euf/b/n on input line 106.
)
(/usr/share/texlive/texmf-dist/tex/latex/amsfonts/amssymb.sty
Package: amssymb 2013/01/14 v3.01 AMS font symbols
)
(/usr/share/texlive/texmf-dist/tex/latex/graphics/graphicx.sty
Package: graphicx 2020/09/09 v1.2b Enhanced LaTeX Graphics (DPC,SPQR)

(/usr/share/texlive/texmf-dist/tex/latex/graphics/keyval.sty
Package: keyval 2014/10/28 v1.15 key=value parser (DPC)
\KV@toks@=\toks22
)
(/usr/share/texlive/texmf-dist/tex/latex/graphics/graphics.sty
Package: graphics 2020/08/30 v1.4c Standard LaTeX Graphics (DPC,SPQR)

(/usr/share/texlive/texmf-dist/tex/latex/graphics/trig.sty
Package: trig 2016/01/03 v1.10 sin cos tan (DPC)
)
(/usr/share/texlive/texmf-dist/tex/latex/graphics-cfg/graphics.cfg
File: graphics.cfg 2016/06/04 v1.11 sample graphics configuration
)
Package graphics Info: Driver file: pdftex.def on input line 105.

(/usr/share/texlive/texmf-dist/tex/latex/graphics-def/pdftex.def
File: pdftex.def 2020/10/05 v1.2a Graphics/color driver for pdftex
))
\Gin@req@height=\dimen148
\Gin@req@width=\dimen149
)
(/usr/share/texlive/texmf-dist/tex/latex/geometry/geometry.sty
Package: geometry 2020/01/02 v5.9 Page Geometry

(/usr/share/texlive/texmf-dist/tex/generic/iftex/ifvtex.sty
Package: ifvtex 2019/10/25 v1.7 ifvtex legacy package. Use iftex instead.

(/usr/share/texlive/texmf-dist/tex/generic/iftex/iftex.sty
Package: iftex 2020/03/06 v1.0d TeX engine tests
))
\Gm@cnth=\count198
\Gm@cntv=\count199
\c@Gm@tempcnt=\count266
\Gm@bindingoffset=\dimen150
\Gm@wd@mp=\dimen151
\Gm@odd@mp=\dimen152
\Gm@even@mp=\dimen153
\Gm@layoutwidth=\dimen154
\Gm@layoutheight=\dimen155
\Gm@layouthoffset=\dimen156
\Gm@layoutvoffset=\dimen157
\Gm@dimlist=\toks23
)
(/usr/share/texlive/texmf-dist/tex/latex/appendix/appendix.sty
Package: appendix 2020/02/08 v1.2c extra appendix facilities
\c@@pps=\count267
\c@@ppsavesec=\count268
\c@@ppsaveapp=\count269
)
(/usr/share/texlive/texmf-dist/tex/latex/framed/framed.sty
Package: framed 2011/10/22 v 0.96: framed or shaded text with page breaks
\OuterFrameSep=\skip52
\fb@frw=\dimen158
\fb@frh=\dimen159
\FrameRule=\dimen160
\FrameSep=\dimen161
)
(/usr/share/texlive/texmf-dist/tex/latex/graphics/color.sty
Package: color 2020/02/24 v1.2b Standard LaTeX Color (DPC)

(/usr/share/texlive/texmf-dist/tex/latex/graphics-cfg/color.cfg
File: color.cfg 2016/01/02 v1.6 sample color configuration
)
Package color Info: Driver file: pdftex.def on input line 147.
)
(/usr/share/texlive/texmf-dist/tex/generic/babel/babel.sty
Package: babel 2021/01/26 3.53 The Babel package

(/usr/share/texlive/texmf-dist/tex/generic/babel/babel.def
File: babel.def 2021/01/26 3.53 Babel common definitions
\babel@savecnt=\count270
\U@D=\dimen162
\l@babelnohyphens=\language8

(/usr/share/texlive/texmf-dist/tex/generic/babel/txtbabel.def)
\bbl@readstream=\read2
)
\bbl@dirlevel=\count271

(/usr/share/texlive/texmf-dist/tex/generic/babel-spanish/spanish.ldf
Language: spanish.ldf 2016/03/03 v5.0p Spanish support from the babel system
\es@quottoks=\toks24
\es@quotdepth=\count272
Package babel Info: Making " an active character on input line 561.
Package babel Info: Making . an active character on input line 662.
Package babel Info: Making < an active character on input line 707.
Package babel Info: Making > an active character on input line 707.
))
(/usr/share/texlive/texmf-dist/tex/latex/xcolor/xcolor.sty
Package: xcolor 2016/05/11 v2.12 LaTeX color extensions (UK)

(/usr/share/texlive/texmf-dist/tex/latex/graphics-cfg/color.cfg
File: color.cfg 2016/01/02 v1.6 sample color configuration
)
Package xcolor Info: Driver file: pdftex.def on input line 225.

(/usr/share/texlive/texmf-dist/tex/latex/colortbl/colortbl.sty
Package: colortbl 2020/01/04 v1.0e Color table columns (DPC)

(/usr/share/texlive/texmf-dist/tex/latex/tools/array.sty
Package: array 2020/10/01 v2.5c Tabular extension package (FMi)
\col@sep=\dimen163
\ar@mcellbox=\box49
\extrarowheight=\dimen164
\NC@list=\toks25
\extratabsurround=\skip53
\backup@length=\skip54
\ar@cellbox=\box50
)
\everycr=\toks26
\minrowclearance=\skip55
)
LaTeX Info: Redefining \color on input line 709.
\rownum=\count273
Package xcolor Info: Model `cmy' substituted by `cmy0' on input line 1348.
Package xcolor Info: Model `hsb' substituted by `rgb' on input line 1352.
Package xcolor Info: Model `RGB' extended on input line 1364.
Package xcolor Info: Model `HTML' substituted by `rgb' on input line 1366.
Package xcolor Info: Model `Hsb' substituted by `hsb' on input line 1367.
Package xcolor Info: Model `tHsb' substituted by `hsb' on input line 1368.
Package xcolor Info: Model `HSB' substituted by `hsb' on input line 1369.
Package xcolor Info: Model `Gray' substituted by `gray' on input line 1370.
Package xcolor Info: Model `wave' substituted by `hsb' on input line 1371.
)
(/usr/share/texlive/texmf-dist/tex/latex/l3backend/l3backend-pdftex.def
File: l3backend-pdftex.def 2020-01-29 L3 backend support: PDF output (pdfTeX)
\l__color_backend_stack_int=\count274
\l__pdf_internal_box=\box51
)
(./bibliotecaDigital.aux
LaTeX Info: Redefining \. on input line 8.
LaTeX Info: Redefining \% on input line 8.
 (./resumen.aux) (./problema.aux)
(./disenoFormularioReporte.aux) (./diagramaProceso.aux) (./diagramaCasoUso.aux)
(./diagramaActividad.aux) (./diagramaEstado.aux) (./diagramaObjeto.aux)
(./diagramaClase.aux) (./cocomo.aux) (./conclusion.aux) (./glosario.aux))
\openout1 = `bibliotecaDigital.aux'.

LaTeX Font Info:    Checking defaults for OML/cmm/m/it on input line 17.
LaTeX Font Info:    ... okay on input line 17.
LaTeX Font Info:    Checking defaults for OMS/cmsy/m/n on input line 17.
LaTeX Font Info:    ... okay on input line 17.
LaTeX Font Info:    Checking defaults for OT1/cmr/m/n on input line 17.
LaTeX Font Info:    ... okay on input line 17.
LaTeX Font Info:    Checking defaults for T1/cmr/m/n on input line 17.
LaTeX Font Info:    ... okay on input line 17.
LaTeX Font Info:    Checking defaults for TS1/cmr/m/n on input line 17.
LaTeX Font Info:    ... okay on input line 17.
LaTeX Font Info:    Checking defaults for OMX/cmex/m/n on input line 17.
LaTeX Font Info:    ... okay on input line 17.
LaTeX Font Info:    Checking defaults for U/cmr/m/n on input line 17.
LaTeX Font Info:    ... okay on input line 17.

(/usr/share/texlive/texmf-dist/tex/context/base/mkii/supp-pdf.mkii
[Loading MPS to PDF converter (version 2006.09.02).]
\scratchcounter=\count275
\scratchdimen=\dimen165
\scratchbox=\box52
\nofMPsegments=\count276
\nofMParguments=\count277
\everyMPshowfont=\toks27
\MPscratchCnt=\count278
\MPscratchDim=\dimen166
\MPnumerator=\count279
\makeMPintoPDFobject=\count280
\everyMPtoPDFconversion=\toks28
) (/usr/share/texlive/texmf-dist/tex/latex/epstopdf-pkg/epstopdf-base.sty
Package: epstopdf-base 2020-01-24 v2.11 Base part for package epstopdf
Package epstopdf-base Info: Redefining graphics rule for `.eps' on input line 4
85.

(/usr/share/texlive/texmf-dist/tex/latex/latexconfig/epstopdf-sys.cfg
File: epstopdf-sys.cfg 2010/07/13 v1.3 Configuration of (r)epstopdf for TeX Liv
e
))
*geometry* driver: auto-detecting
*geometry* detected driver: pdftex
*geometry* verbose mode - [ preamble ] result:
* driver: pdftex
* paper: letterpaper
* layout: <same size as paper>
* layoutoffset:(h,v)=(0.0pt,0.0pt)
* modes: 
* h-part:(L,W,R)=(56.9055pt, 500.484pt, 56.9055pt)
* v-part:(T,H,B)=(56.9055pt, 681.15898pt, 56.9055pt)
* \paperwidth=614.295pt
* \paperheight=794.96999pt
* \textwidth=500.484pt
* \textheight=681.15898pt
* \oddsidemargin=-15.36449pt
* \evensidemargin=-15.36449pt
* \topmargin=-52.36449pt
* \headheight=12.0pt
* \headsep=25.0pt
* \topskip=10.0pt
* \footskip=30.0pt
* \marginparwidth=65.0pt
* \marginparsep=11.0pt
* \columnsep=10.0pt
* \skip\footins=9.0pt plus 4.0pt minus 2.0pt
* \hoffset=0.0pt
* \voffset=0.0pt
* \mag=1000
* \@twocolumnfalse
* \@twosidefalse
* \@mparswitchfalse
* \@reversemarginfalse
* (1in=72.27pt=25.4mm, 1cm=28.453pt)

LaTeX Info: Redefining \. on input line 17.
LaTeX Info: Redefining \% on input line 17.
<images/logoUbi2.png, id=1, 225.84375pt x 225.84375pt>
File: images/logoUbi2.png Graphic file (type png)
<use images/logoUbi2.png>
Package pdftex.def Info: images/logoUbi2.png  used on input line 22.
(pdftex.def)             Requested size: 56.9055pt x 56.90533pt.
LaTeX Font Info:    Trying to load font information for U+msa on input line 38.

(/usr/share/texlive/texmf-dist/tex/latex/amsfonts/umsa.fd
File: umsa.fd 2013/01/14 v3.01 AMS symbols A
)
LaTeX Font Info:    Trying to load font information for U+msb on input line 38.


(/usr/share/texlive/texmf-dist/tex/latex/amsfonts/umsb.fd
File: umsb.fd 2013/01/14 v3.01 AMS symbols B
) [1

{/var/lib/texmf/fonts/map/pdftex/updmap/pdftex.map} <./images/logoUbi2.png>]
(./bibliotecaDigital.toc
LaTeX Info: Redefining \. on input line 1.
LaTeX Info: Redefining \% on input line 1.
)
\tf@toc=\write3
\openout3 = `bibliotecaDigital.toc'.

 [1

] [2

]
\openout2 = `resumen.aux'.

 (./resumen.tex) [3


]
\openout2 = `problema.aux'.

 (./problema.tex) [4




]
[5



]
\openout2 = `disenoFormularioReporte.aux'.

 (./disenoFormularioReporte.tex
<images/resultadoBusqueda1.png, id=28, 686.565pt x 351.56343pt>
File: images/resultadoBusqueda1.png Graphic file (type png)
<use images/resultadoBusqueda1.png>
Package pdftex.def Info: images/resultadoBusqueda1.png  used on input line 9.
(pdftex.def)             Requested size: 343.28166pt x 175.78128pt.
<images/buscador1.png, id=29, 523.20468pt x 353.82187pt>
File: images/buscador1.png Graphic file (type png)
<use images/buscador1.png>
Package pdftex.def Info: images/buscador1.png  used on input line 15.
(pdftex.def)             Requested size: 261.6017pt x 176.91049pt.
<images/almacenamientoDato1.png, id=30, 507.39563pt x 352.31625pt>
File: images/almacenamientoDato1.png Graphic file (type png)
<use images/almacenamientoDato1.png>
Package pdftex.def Info: images/almacenamientoDato1.png  used on input line 25.

(pdftex.def)             Requested size: 253.69719pt x 176.15768pt.
) [6


 <./images/resultadoBusqueda1.png (PNG copy)>] [7 <./images/buscador1.png (PNG 
copy)> <./images/almacenamientoDato1.png (PNG copy)>]
\openout2 = `diagramaProceso.aux'.

 (./diagramaProceso.tex
<images/modeladoProceso1.png, id=39, 858.20625pt x 508.90125pt>
File: images/modeladoProceso1.png Graphic file (type png)
<use images/modeladoProceso1.png>
Package pdftex.def Info: images/modeladoProceso1.png  used on input line 5.
(pdftex.def)             Requested size: 429.10208pt x 254.45pt.
) [8




 <./images/modeladoProceso1.png (PNG copy)>]
\openout2 = `diagramaCasoUso.aux'.

 (./diagramaCasoUso.tex
<images/casoUso1.png, id=43, 468.24937pt x 251.43938pt>
File: images/casoUso1.png Graphic file (type png)
<use images/casoUso1.png>
Package pdftex.def Info: images/casoUso1.png  used on input line 9.
(pdftex.def)             Requested size: 374.59999pt x 201.15176pt.
) [9




 <./images/casoUso1.png (PNG copy)>]
\openout2 = `diagramaActividad.aux'.


(./diagramaActividad.tex
<images/actividad1.png, id=47, 430.60875pt x 448.67625pt>
File: images/actividad1.png Graphic file (type png)
<use images/actividad1.png>
Package pdftex.def Info: images/actividad1.png  used on input line 5.
(pdftex.def)             Requested size: 215.30383pt x 224.33757pt.
) [10




 <./images/actividad1.png (PNG copy)>]
\openout2 = `diagramaEstado.aux'.


(./diagramaEstado.tex
<images/estado1.png, id=51, 588.69937pt x 149.05687pt>
File: images/estado1.png Graphic file (type png)
<use images/estado1.png>
Package pdftex.def Info: images/estado1.png  used on input line 5.
(pdftex.def)             Requested size: 470.96013pt x 119.24565pt.
) [11




 <./images/estado1.png (PNG copy)>]
\openout2 = `diagramaObjeto.aux'.


(./diagramaObjeto.tex
<images/objeto1.png, id=55, 575.90157pt x 208.52907pt>
File: images/objeto1.png Graphic file (type png)
<use images/objeto1.png>
Package pdftex.def Info: images/objeto1.png  used on input line 4.
(pdftex.def)             Requested size: 227.62204pt x 82.42058pt.
) [12




 <./images/objeto1.png (PNG copy)>]
\openout2 = `diagramaClase.aux'.


(./diagramaClase.tex
<images/clase1.png, id=60, 549.55313pt x 557.83406pt>
File: images/clase1.png Graphic file (type png)
<use images/clase1.png>
Package pdftex.def Info: images/clase1.png  used on input line 4.
(pdftex.def)             Requested size: 439.6431pt x 446.26784pt.
) [13




 <./images/clase1.png (PNG copy)>]
\openout2 = `cocomo.aux'.

 (./cocomo.tex
<images/cocomo.png, id=64, 444.15938pt x 335.00156pt>
File: images/cocomo.png Graphic file (type png)
<use images/cocomo.png>
Package pdftex.def Info: images/cocomo.png  used on input line 5.
(pdftex.def)             Requested size: 227.62204pt x 171.68173pt.
)
[14




 <./images/cocomo.png (PNG copy)>]
\openout2 = `conclusion.aux'.

 (./conclusion.tex) [15




]
\openout2 = `glosario.aux'.

 (./glosario.tex
Ap\'{e}ndice A.
) [16




] (./bibliotecaDigital.bbl) [17



] (./bibliotecaDigital.aux
LaTeX Info: Redefining \. on input line 8.
LaTeX Info: Redefining \% on input line 8.
 (./resumen.aux)
(./problema.aux) (./disenoFormularioReporte.aux) (./diagramaProceso.aux)
(./diagramaCasoUso.aux) (./diagramaActividad.aux) (./diagramaEstado.aux)
(./diagramaObjeto.aux) (./diagramaClase.aux) (./cocomo.aux) (./conclusion.aux)
(./glosario.aux)) ) 
Here is how much of TeX's memory you used:
 5064 strings out of 481149
 69185 string characters out of 5912935
 380085 words of memory out of 5000000
 21859 multiletter control sequences out of 15000+600000
 414433 words of font info for 69 fonts, out of 8000000 for 9000
 62 hyphenation exceptions out of 8191
 68i,8n,74p,960b,361s stack positions out of 5000i,500n,10000p,200000b,80000s
 </home/tomas/.texlive2020/texmf-var/fonts/pk/ljfour/jknappe
n/ec/tcrm1000.600pk></usr/share/texlive/texmf-dist/fonts/type1/public/amsfonts/
cm/cmbx10.pfb></usr/share/texlive/texmf-dist/fonts/type1/public/amsfonts/cm/cmb
x12.pfb></usr/share/texlive/texmf-dist/fonts/type1/public/amsfonts/cm/cmr10.pfb
></usr/share/texlive/texmf-dist/fonts/type1/public/amsfonts/cm/cmr12.pfb></usr/
share/texlive/texmf-dist/fonts/type1/public/amsfonts/cm/cmr17.pfb></usr/share/t
exlive/texmf-dist/fonts/type1/public/amsfonts/cm/cmti10.pfb>
Output written on bibliotecaDigital.pdf (18 pages, 531251 bytes).
PDF statistics:
 103 PDF objects out of 1000 (max. 8388607)
 63 compressed objects within 1 object stream
 0 named destinations out of 1000 (max. 500000)
 56 words of extra memory for PDF output out of 10000 (max. 10000000)

